# JRE version: OpenJDK Runtime Environment Corretto-17.0.10.7.1 (17.0.10+7) (build 17.0.10+7-LTS)
# Java VM: OpenJDK 64-Bit Server VM Corretto-17.0.10.7.1 (17.0.10+7-LTS, mixed mode, sharing, tiered, compressed oops, compressed class ptrs, g1 gc, windows-amd64)
GC Precious Log:
 CPUs: 12 total, 12 available
 Memory: 15764M
 Large Page Support: Disabled
 NUMA Support: Disabled
 Compressed Oops: Enabled (Zero based)
 Heap Region Size: 2M
 Heap Min Capacity: 8M
 Heap Initial Capacity: 248M
 Heap Max Capacity: 3942M
 Pre-touch: Disabled
 Parallel Workers: 10
 Concurrent Workers: 3
 Concurrent Refinement Workers: 10
 Periodic GC: Disabled
Heap:
 garbage-first heap   total 770048K, used 281788K [0x0000000709a00000, 0x0000000800000000)
  region size 2048K, 16 young (32768K), 7 survivors (14336K)
 Metaspace       used 128979K, committed 130240K, reserved 1179648K
  class space    used 17930K, committed 18368K, reserved 1048576K
GC Heap History (20 events):
Event: 7.469 GC heap before
{Heap before GC invocations=28 (full 0):
 garbage-first heap   total 256000K, used 191204K [0x0000000709a00000, 0x0000000800000000)
  region size 2048K, 45 young (92160K), 6 survivors (12288K)
 Metaspace       used 88973K, committed 90304K, reserved 1179648K
  class space    used 11914K, committed 12352K, reserved 1048576K
}
Event: 7.486 GC heap after
{Heap after GC invocations=29 (full 0):
 garbage-first heap   total 256000K, used 136853K [0x0000000709a00000, 0x0000000800000000)
  region size 2048K, 6 young (12288K), 6 survivors (12288K)
 Metaspace       used 88973K, committed 90304K, reserved 1179648K
  class space    used 11914K, committed 12352K, reserved 1048576K
}
Event: 7.730 GC heap before
{Heap before GC invocations=29 (full 0):
 garbage-first heap   total 256000K, used 186005K [0x0000000709a00000, 0x0000000800000000)
  region size 2048K, 31 young (63488K), 6 survivors (12288K)
 Metaspace       used 93336K, committed 94656K, reserved 1179648K
  class space    used 12588K, committed 12992K, reserved 1048576K
}
Event: 7.744 GC heap after
{Heap after GC invocations=30 (full 0):
 garbage-first heap   total 256000K, used 147456K [0x0000000709a00000, 0x0000000800000000)
  region size 2048K, 4 young (8192K), 4 survivors (8192K)
 Metaspace       used 93336K, committed 94656K, reserved 1179648K
  class space    used 12588K, committed 12992K, reserved 1048576K
}
Event: 8.092 GC heap before
{Heap before GC invocations=30 (full 0):
 garbage-first heap   total 256000K, used 194560K [0x0000000709a00000, 0x0000000800000000)
  region size 2048K, 27 young (55296K), 4 survivors (8192K)
 Metaspace       used 98257K, committed 99712K, reserved 1179648K
  class space    used 13214K, committed 13696K, reserved 1048576K
}
Event: 8.106 GC heap after
{Heap after GC invocations=31 (full 0):
 garbage-first heap   total 516096K, used 156847K [0x0000000709a00000, 0x0000000800000000)
  region size 2048K, 4 young (8192K), 4 survivors (8192K)
 Metaspace       used 98257K, committed 99712K, reserved 1179648K
  class space    used 13214K, committed 13696K, reserved 1048576K
}
Event: 8.925 GC heap before
{Heap before GC invocations=31 (full 0):
 garbage-first heap   total 516096K, used 363695K [0x0000000709a00000, 0x0000000800000000)
  region size 2048K, 106 young (217088K), 4 survivors (8192K)
 Metaspace       used 99581K, committed 100928K, reserved 1179648K
  class space    used 13413K, committed 13888K, reserved 1048576K
}
Event: 8.938 GC heap after
{Heap after GC invocations=32 (full 0):
 garbage-first heap   total 516096K, used 163808K [0x0000000709a00000, 0x0000000800000000)
  region size 2048K, 8 young (16384K), 8 survivors (16384K)
 Metaspace       used 99581K, committed 100928K, reserved 1179648K
  class space    used 13413K, committed 13888K, reserved 1048576K
}
Event: 9.449 GC heap before
{Heap before GC invocations=32 (full 0):
 garbage-first heap   total 516096K, used 395232K [0x0000000709a00000, 0x0000000800000000)
  region size 2048K, 121 young (247808K), 8 survivors (16384K)
 Metaspace       used 100378K, committed 101760K, reserved 1179648K
  class space    used 13548K, committed 14016K, reserved 1048576K
}
Event: 9.461 GC heap after
{Heap after GC invocations=33 (full 0):
 garbage-first heap   total 516096K, used 166541K [0x0000000709a00000, 0x0000000800000000)
  region size 2048K, 9 young (18432K), 9 survivors (18432K)
 Metaspace       used 100378K, committed 101760K, reserved 1179648K
  class space    used 13548K, committed 14016K, reserved 1048576K
}
Event: 25.708 GC heap before
{Heap before GC invocations=33 (full 0):
 garbage-first heap   total 516096K, used 410253K [0x0000000709a00000, 0x0000000800000000)
  region size 2048K, 128 young (262144K), 9 survivors (18432K)
 Metaspace       used 102991K, committed 104384K, reserved 1179648K
  class space    used 14028K, committed 14528K, reserved 1048576K
}
Event: 25.739 GC heap after
{Heap after GC invocations=34 (full 0):
 garbage-first heap   total 516096K, used 202146K [0x0000000709a00000, 0x0000000800000000)
  region size 2048K, 16 young (32768K), 16 survivors (32768K)
 Metaspace       used 102991K, committed 104384K, reserved 1179648K
  class space    used 14028K, committed 14528K, reserved 1048576K
}
Event: 26.274 GC heap before
{Heap before GC invocations=34 (full 0):
 garbage-first heap   total 516096K, used 396706K [0x0000000709a00000, 0x0000000800000000)
  region size 2048K, 112 young (229376K), 16 survivors (32768K)
 Metaspace       used 103115K, committed 104512K, reserved 1179648K
  class space    used 14028K, committed 14528K, reserved 1048576K
}
Event: 26.320 GC heap after
{Heap after GC invocations=35 (full 0):
 garbage-first heap   total 516096K, used 248732K [0x0000000709a00000, 0x0000000800000000)
  region size 2048K, 14 young (28672K), 14 survivors (28672K)
 Metaspace       used 103115K, committed 104512K, reserved 1179648K
  class space    used 14028K, committed 14528K, reserved 1048576K
}
Event: 26.541 GC heap before
{Heap before GC invocations=35 (full 0):
 garbage-first heap   total 516096K, used 396188K [0x0000000709a00000, 0x0000000800000000)
  region size 2048K, 87 young (178176K), 14 survivors (28672K)
 Metaspace       used 103178K, committed 104640K, reserved 1179648K
  class space    used 14029K, committed 14528K, reserved 1048576K
}
Event: 26.563 GC heap after
{Heap after GC invocations=36 (full 0):
 garbage-first heap   total 516096K, used 266969K [0x0000000709a00000, 0x0000000800000000)
  region size 2048K, 8 young (16384K), 8 survivors (16384K)
 Metaspace       used 103178K, committed 104640K, reserved 1179648K
  class space    used 14029K, committed 14528K, reserved 1048576K
}
Event: 26.717 GC heap before
{Heap before GC invocations=36 (full 0):
 garbage-first heap   total 516096K, used 410329K [0x0000000709a00000, 0x0000000800000000)
  region size 2048K, 78 young (159744K), 8 survivors (16384K)
 Metaspace       used 103328K, committed 104768K, reserved 1179648K
  class space    used 14062K, committed 14592K, reserved 1048576K
}
Event: 26.728 GC heap after
{Heap after GC invocations=37 (full 0):
 garbage-first heap   total 770048K, used 270949K [0x0000000709a00000, 0x0000000800000000)
  region size 2048K, 3 young (6144K), 3 survivors (6144K)
 Metaspace       used 103328K, committed 104768K, reserved 1179648K
  class space    used 14062K, committed 14592K, reserved 1048576K
}
Event: 28.208 GC heap before
{Heap before GC invocations=37 (full 0):
 garbage-first heap   total 770048K, used 408165K [0x0000000709a00000, 0x0000000800000000)
  region size 2048K, 72 young (147456K), 3 survivors (6144K)
 Metaspace       used 125916K, committed 127360K, reserved 1179648K
  class space    used 17389K, committed 17856K, reserved 1048576K
}
Event: 28.216 GC heap after
{Heap after GC invocations=38 (full 0):
 garbage-first heap   total 770048K, used 277692K [0x0000000709a00000, 0x0000000800000000)
  region size 2048K, 7 young (14336K), 7 survivors (14336K)
 Metaspace       used 125916K, committed 127360K, reserved 1179648K
  class space    used 17389K, committed 17856K, reserved 1048576K
}

